<?xml version="1.0" encoding="UTF-8"?>
<!-- Generated by org.testng.reporters.JUnitXMLReporter -->
<testsuite hostname="Dell-Tamanna" ignored="0" name="IE_Browser" tests="4" failures="0" timestamp="03 Jan 2019 02:38:21 GMT" time="0.238" errors="0">
  <testcase name="@BeforeMethod setup" time="0.017" classname="base_mastbit.Base_Mastbit">
    <failure type="java.lang.IllegalStateException" message="The driver executable does not exist: C:\Users\Tamanna Sharma\Desktop\IEDriverServer.exe">
      <![CDATA[java.lang.IllegalStateException: The driver executable does not exist: C:\Users\Tamanna Sharma\Desktop\IEDriverServer.exe
at com.google.common.base.Preconditions.checkState(Preconditions.java:585)
at org.openqa.selenium.remote.service.DriverService.checkExecutable(DriverService.java:146)
at org.openqa.selenium.remote.service.DriverService.findExecutable(DriverService.java:141)
at org.openqa.selenium.ie.InternetExplorerDriverService.access$000(InternetExplorerDriverService.java:35)
at org.openqa.selenium.ie.InternetExplorerDriverService$Builder.findDefaultExecutable(InternetExplorerDriverService.java:175)
at org.openqa.selenium.remote.service.DriverService$Builder.build(DriverService.java:355)
at org.openqa.selenium.ie.InternetExplorerDriver.setupService(InternetExplorerDriver.java:281)
at org.openqa.selenium.ie.InternetExplorerDriver.<init>(InternetExplorerDriver.java:211)
at org.openqa.selenium.ie.InternetExplorerDriver.<init>(InternetExplorerDriver.java:150)
at base_mastbit.Base_Mastbit.setup(Base_Mastbit.java:56)
... Removed 28 stack frames]]>
    </failure>
  </testcase> <!-- @BeforeMethod setup -->
  <testcase name="@AfterMethod teardown" time="0.0" classname="base_mastbit.Base_Mastbit">
    <skipped/>
  </testcase> <!-- @AfterMethod teardown -->
  <testcase name="@BeforeMethod setup" time="0.0" classname="base_mastbit.Base_Mastbit">
    <skipped/>
  </testcase> <!-- @BeforeMethod setup -->
  <testcase name="@AfterMethod teardown" time="0.0" classname="base_mastbit.Base_Mastbit">
    <skipped/>
  </testcase> <!-- @AfterMethod teardown -->
  <testcase name="@BeforeMethod setup" time="0.0" classname="base_mastbit.Base_Mastbit">
    <skipped/>
  </testcase> <!-- @BeforeMethod setup -->
  <testcase name="@AfterMethod teardown" time="0.0" classname="base_mastbit.Base_Mastbit">
    <skipped/>
  </testcase> <!-- @AfterMethod teardown -->
  <testcase name="@BeforeMethod setup" time="0.0" classname="base_mastbit.Base_Mastbit">
    <skipped/>
  </testcase> <!-- @BeforeMethod setup -->
  <testcase name="@AfterMethod teardown" time="0.0" classname="base_mastbit.Base_Mastbit">
    <skipped/>
  </testcase> <!-- @AfterMethod teardown -->
  <testcase name="test1" time="0.0" classname="scripts_mastbit.TC1_Registration">
    <skipped/>
  </testcase> <!-- test1 -->
  <testcase name="test1" time="0.0" classname="scripts_mastbit.TC1_Registration">
    <skipped/>
  </testcase> <!-- test1 -->
  <testcase name="test2" time="0.0" classname="scripts_mastbit.TC2_Login">
    <skipped/>
  </testcase> <!-- test2 -->
  <testcase name="test2" time="0.0" classname="scripts_mastbit.TC2_Login">
    <skipped/>
  </testcase> <!-- test2 -->
</testsuite> <!-- IE_Browser -->
